*
* Sestra listing file (SESTRA.LIS)
* Thu Oct 20 13:19:52 2022
*
* Program version: 10.14.0.72
*
* Input Interface File: eigen_line_cantilever_sesamT1.FEM
*

Mass centre (total mass) with respect to (0, 0, 0):
             x;             y;             z
  1.500000e+00;  5.000000e-01;  5.000000e-01

Mass matrix (total mass) diagonal with respect to (0, 0, 0):
            tx;            ty;            tz;            rx;            ry;            rz
  1.899967e+02;  1.899967e+02;  1.899967e+02;  1.004597e+02;  6.174892e+02;  6.174892e+02

Mass matrix (total mass) with respect to (0, 0, 0):
              ;            tx;            ty;            tz;            rx;            ry;            rz
            tx;  1.899967e+02;  0.000000e+00;  0.000000e+00;  0.000000e+00;  9.499834e+01; -9.499834e+01
            ty;  0.000000e+00;  1.899967e+02;  0.000000e+00; -9.499834e+01;  0.000000e+00;  2.849950e+02
            tz;  0.000000e+00;  0.000000e+00;  1.899967e+02;  9.499834e+01; -2.849950e+02;  0.000000e+00
            rx;  0.000000e+00; -9.499834e+01;  9.499834e+01;  1.004597e+02; -1.424975e+02; -1.424975e+02
            ry;  9.499834e+01;  0.000000e+00; -2.849950e+02; -1.424975e+02;  6.174892e+02; -4.749917e+01
            rz; -9.499834e+01;  2.849950e+02;  0.000000e+00; -1.424975e+02; -4.749917e+01;  6.174892e+02

Print of eigenvalues.
Eigenvalues have unit sec^-2; frequency = sqrt(eigenvalue) / (2 * pi); period = 1 / frequency.
        Number;    Eigenvalue;     Frequency;        Period
             1;  5.920459e+03;  1.224610e+01;  8.165864e-02
             2;  6.613556e+03;  1.294308e+01;  7.726136e-02
             3;  5.338159e+04;  3.677188e+01;  2.719469e-02
             4;  7.981128e+04;  4.496269e+01;  2.224066e-02
             5;  1.488248e+05;  6.139850e+01;  1.628704e-02
             6;  2.513602e+05;  7.979366e+01;  1.253232e-02
             7;  2.932974e+05;  8.619345e+01;  1.160181e-02
             8;  4.883842e+05;  1.112246e+02;  8.990815e-03
             9;  7.362220e+05;  1.365603e+02;  7.322771e-03
            10;  1.039518e+06;  1.622692e+02;  6.162598e-03
            11;  1.230138e+06;  1.765213e+02;  5.665040e-03
            12;  1.401568e+06;  1.884201e+02;  5.307290e-03
            13;  1.826272e+06;  2.150814e+02;  4.649403e-03
            14;  1.873559e+06;  2.178481e+02;  4.590354e-03
            15;  2.318141e+06;  2.423204e+02;  4.126767e-03
            16;  2.882289e+06;  2.702022e+02;  3.700932e-03
            17;  3.524396e+06;  2.987875e+02;  3.346860e-03
            18;  4.250627e+06;  3.281305e+02;  3.047568e-03
            19;  5.067488e+06;  3.582750e+02;  2.791152e-03
            20;  5.172124e+06;  3.619550e+02;  2.762774e-03



*
* Normal exit from Sestra.
*
