*
* Sestra listing file (SESTRA.LIS)
* Thu Oct 20 13:20:34 2022
*
* Program version: 10.14.0.72
*
* Input Interface File: eigen_shell_cantilever_sesamT1.FEM
*

Mass centre (total mass) with respect to (0, 0, 0):
             x;             y;             z
  1.500000e+00;  5.000000e-01;  5.000000e-01

Mass matrix (total mass) diagonal with respect to (0, 0, 0):
            tx;            ty;            tz;            rx;            ry;            rz
  1.954650e+02;  1.954650e+02;  1.954650e+02;  1.036998e+02;  6.409195e+02;  6.355702e+02

Mass matrix (total mass) with respect to (0, 0, 0):
              ;            tx;            ty;            tz;            rx;            ry;            rz
            tx;  1.954650e+02;  0.000000e+00; -5.759282e-16; -2.619432e-16;  9.773249e+01; -9.773249e+01
            ty;  0.000000e+00;  1.954650e+02;  0.000000e+00; -9.773249e+01;  9.020562e-17;  2.931975e+02
            tz; -4.302114e-16;  0.000000e+00;  1.954650e+02;  9.773249e+01; -2.931975e+02;  2.151057e-16
            rx; -3.053113e-16; -9.773249e+01;  9.773249e+01;  1.036998e+02; -1.465987e+02; -1.465987e+02
            ry;  9.773249e+01; -2.602085e-17; -2.931975e+02; -1.465987e+02;  6.409195e+02; -4.886625e+01
            rz; -9.773249e+01;  2.931975e+02;  2.879641e-16; -1.465987e+02; -4.886625e+01;  6.355702e+02

Print of eigenvalues.
Eigenvalues have unit sec^-2; frequency = sqrt(eigenvalue) / (2 * pi); period = 1 / frequency.
        Number;    Eigenvalue;     Frequency;        Period
             1;  6.437756e+03;  1.276990e+01;  7.830917e-02
             2;  1.462516e+04;  1.924733e+01;  5.195527e-02
             3;  1.068014e+05;  5.201261e+01;  1.922611e-02
             4;  2.232593e+05;  7.520122e+01;  1.329766e-02
             5;  3.627230e+05;  9.585343e+01;  1.043259e-02
             6;  6.166322e+05;  1.249779e+02;  8.001415e-03
             7;  7.763582e+05;  1.402333e+02;  7.130973e-03
             8;  1.054958e+06;  1.634699e+02;  6.117334e-03
             9;  1.379612e+06;  1.869385e+02;  5.349354e-03
            10;  1.992885e+06;  2.246784e+02;  4.450807e-03
            11;  2.492217e+06;  2.512541e+02;  3.980035e-03
            12;  2.561972e+06;  2.547460e+02;  3.925479e-03
            13;  2.606261e+06;  2.569385e+02;  3.891983e-03
            14;  2.892095e+06;  2.706614e+02;  3.694653e-03
            15;  2.901716e+06;  2.711113e+02;  3.688522e-03
            16;  3.285685e+06;  2.884916e+02;  3.466306e-03
            17;  3.312990e+06;  2.896878e+02;  3.451992e-03
            18;  4.070738e+06;  3.211121e+02;  3.114177e-03
            19;  4.085851e+06;  3.217077e+02;  3.108412e-03
            20;  4.927989e+06;  3.533092e+02;  2.830382e-03



*
* Normal exit from Sestra.
*
